<?xml version="1.0" encoding="UTF-8"?>
<!-- Generated by org.testng.reporters.JUnitReportReporter -->
<testsuite hostname="LAPTOP-MKUE1HU2" failures="0" tests="1" name="demo123.firstSeleniumRun" time="6.813" errors="0" timestamp="31 May 2021 14:21:04 GMT" skipped="0">
  <testcase classname="demo123.firstSeleniumRun" name="pleaseRun" time="6.813"/>
</testsuite> <!-- demo123.firstSeleniumRun -->
